[debug] ----------------------------------------------------------------------
[debug] Command:      node C:\Users\Julius Hernandez\AppData\Roaming\npm\node_modules\firebase-tools\bin\firebase init
[debug] Platform:     win32
[debug] Node Version: v0.12.7
[debug] Time:         Fri Mar 04 2016 02:02:47 GMT-0800 (Pacific Standard Time)
[debug] ----------------------------------------------------------------------
[debug] 
[warn] !  Initializing in a directory with 10 files
[warn] 
[debug] >>> HTTP REQUEST GET https://admin.firebase.com/account?token=XXX 
[debug] <<< HTTP RESPONSE 200
[debug] ----------------------------------------------------------------------
[debug] Command:      node C:\Users\Julius Hernandez\AppData\Roaming\npm\node_modules\firebase-tools\bin\firebase init
[debug] Platform:     win32
[debug] Node Version: v0.12.7
[debug] Time:         Tue Mar 08 2016 13:26:17 GMT-0800 (Pacific Standard Time)
[debug] ----------------------------------------------------------------------
[debug] 
[warn] !  Initializing in a directory with 11 files
[warn] 
[debug] >>> HTTP REQUEST GET https://admin.firebase.com/account?token=XXX 
[debug] <<< HTTP RESPONSE 200
